<?xml version="1.0" encoding="UTF-8"?>
<testsuite xmlns:xsi="http://www.w3.org/2001/XMLSchema-instance" xsi:noNamespaceSchemaLocation="https://maven.apache.org/surefire/maven-surefire-plugin/xsd/surefire-test-report-3.0.xsd" version="3.0" name="MainTest" time="0.35" tests="1" errors="0" skipped="0" failures="0">
  <properties>
[...]
</properties>
  <testcase name="mainTest" classname="MainTest" time="0.007">
    <system-out><![CDATA[530271843770600
530271843770600
530271843770600
530271843770600
]]></system-out>
    <system-err><![CDATA[сент. 05, 2026 5:51:28 PM org.springframework.test.context.support.AbstractTestContextBootstrapper getDefaultTestExecutionListenerClassNames
INFO: Loaded default TestExecutionListener class names from location [META-INF/spring.factories]: [org.springframework.test.context.web.ServletTestExecutionListener, org.springframework.test.context.support.DirtiesContextBeforeModesTestExecutionListener, org.springframework.test.context.event.ApplicationEventsTestExecutionListener, org.springframework.test.context.support.DependencyInjectionTestExecutionListener, org.springframework.test.context.support.DirtiesContextTestExecutionListener, org.springframework.test.context.transaction.TransactionalTestExecutionListener, org.springframework.test.context.jdbc.SqlScriptsTestExecutionListener, org.springframework.test.context.event.EventPublishingTestExecutionListener]
сент. 05, 2026 5:51:28 PM org.springframework.test.context.support.AbstractTestContextBootstrapper getTestExecutionListeners
INFO: Using TestExecutionListeners: [org.springframework.test.context.support.DirtiesContextBeforeModesTestExecutionListener@30b7c004, org.springframework.test.context.event.ApplicationEventsTestExecutionListener@79efed2d, org.springframework.test.context.support.DependencyInjectionTestExecutionListener@2928854b, org.springframework.test.context.support.DirtiesContextTestExecutionListener@27ae2fd0, org.springframework.test.context.event.EventPublishingTestExecutionListener@29176cc1]
]]></system-err>
  </testcase>
</testsuite>